<?xml version="1.0" encoding="UTF-8"?>
<testng-results skipped="0" failed="1" ignored="0" total="1" passed="0">
  <reporter-output>
  </reporter-output>
  <suite name="Suite" duration-ms="16231" started-at="2018-06-04T13:43:31Z" finished-at="2018-06-04T13:43:47Z">
    <groups>
    </groups>
    <test name="Test" duration-ms="16231" started-at="2018-06-04T13:43:31Z" finished-at="2018-06-04T13:43:47Z">
      <class name="com.orangehrm.hrmdemo.Test1">
        <test-method status="PASS" signature="beforeClass()[pri:0, instance:com.orangehrm.hrmdemo.Test1@c038203]" name="beforeClass" is-config="true" duration-ms="4494" started-at="2018-06-04T19:13:31Z" finished-at="2018-06-04T19:13:35Z">
          <reporter-output>
          </reporter-output>
        </test-method> <!-- beforeClass -->
        <test-method status="PASS" signature="beforeMethod(java.lang.reflect.Method)[pri:0, instance:com.orangehrm.hrmdemo.Test1@c038203]" name="beforeMethod" is-config="true" duration-ms="6" started-at="2018-06-04T19:13:35Z" finished-at="2018-06-04T19:13:35Z">
          <params>
            <param index="0">
              <value>
                <![CDATA[public void com.orangehrm.hrmdemo.Test1.login() throws java.lang.Exception]]>
              </value>
            </param>
          </params>
          <reporter-output>
          </reporter-output>
        </test-method> <!-- beforeMethod -->
        <test-method status="FAIL" signature="login()[pri:0, instance:com.orangehrm.hrmdemo.Test1@c038203]" name="login" duration-ms="11220" started-at="2018-06-04T19:13:35Z" finished-at="2018-06-04T19:13:46Z">
          <exception class="java.lang.AssertionError">
            <message>
              <![CDATA[expected [true] but found [false]]]>
            </message>
            <full-stacktrace>
              <![CDATA[java.lang.AssertionError: expected [true] but found [false]
	at org.testng.Assert.fail(Assert.java:93)
	at org.testng.Assert.failNotEquals(Assert.java:512)
	at org.testng.Assert.assertTrue(Assert.java:41)
	at org.testng.Assert.assertTrue(Assert.java:51)
	at com.orangehrm.hrmdemo.Test1.login(Test1.java:28)
	at sun.reflect.NativeMethodAccessorImpl.invoke0(Native Method)
	at sun.reflect.NativeMethodAccessorImpl.invoke(Unknown Source)
	at sun.reflect.DelegatingMethodAccessorImpl.invoke(Unknown Source)
	at java.lang.reflect.Method.invoke(Unknown Source)
	at org.testng.internal.MethodInvocationHelper.invokeMethod(MethodInvocationHelper.java:108)
	at org.testng.internal.Invoker.invokeMethod(Invoker.java:661)
	at org.testng.internal.Invoker.invokeTestMethod(Invoker.java:869)
	at org.testng.internal.Invoker.invokeTestMethods(Invoker.java:1193)
	at org.testng.internal.TestMethodWorker.invokeTestMethods(TestMethodWorker.java:126)
	at org.testng.internal.TestMethodWorker.run(TestMethodWorker.java:109)
	at org.testng.TestRunner.privateRun(TestRunner.java:744)
	at org.testng.TestRunner.run(TestRunner.java:602)
	at org.testng.SuiteRunner.runTest(SuiteRunner.java:380)
	at org.testng.SuiteRunner.runSequentially(SuiteRunner.java:375)
	at org.testng.SuiteRunner.privateRun(SuiteRunner.java:340)
	at org.testng.SuiteRunner.run(SuiteRunner.java:289)
	at org.testng.SuiteRunnerWorker.runSuite(SuiteRunnerWorker.java:52)
	at org.testng.SuiteRunnerWorker.run(SuiteRunnerWorker.java:86)
	at org.testng.TestNG.runSuitesSequentially(TestNG.java:1301)
	at org.testng.TestNG.runSuitesLocally(TestNG.java:1226)
	at org.testng.TestNG.runSuites(TestNG.java:1144)
	at org.testng.TestNG.run(TestNG.java:1115)
	at org.testng.remote.AbstractRemoteTestNG.run(AbstractRemoteTestNG.java:114)
	at org.testng.remote.RemoteTestNG.initAndRun(RemoteTestNG.java:251)
	at org.testng.remote.RemoteTestNG.main(RemoteTestNG.java:77)
]]>
            </full-stacktrace>
          </exception> <!-- java.lang.AssertionError -->
          <reporter-output>
          </reporter-output>
        </test-method> <!-- login -->
        <test-method status="PASS" signature="afterMethod()[pri:0, instance:com.orangehrm.hrmdemo.Test1@c038203]" name="afterMethod" is-config="true" duration-ms="382" started-at="2018-06-04T19:13:46Z" finished-at="2018-06-04T19:13:47Z">
          <reporter-output>
          </reporter-output>
        </test-method> <!-- afterMethod -->
        <test-method status="PASS" signature="afterClass()[pri:0, instance:com.orangehrm.hrmdemo.Test1@c038203]" name="afterClass" is-config="true" duration-ms="85" started-at="2018-06-04T19:13:47Z" finished-at="2018-06-04T19:13:47Z">
          <reporter-output>
          </reporter-output>
        </test-method> <!-- afterClass -->
      </class> <!-- com.orangehrm.hrmdemo.Test1 -->
    </test> <!-- Test -->
  </suite> <!-- Suite -->
</testng-results>
